Arguments: 
  /home/arnaud/.nvm/versions/node/v12.16.1/bin/node /usr/share/yarn/bin/yarn.js add v1.16.0

PATH: 
  /home/arnaud/.rvm/gems/ruby-2.6.3/bin:/home/arnaud/.rvm/gems/ruby-2.6.3@global/bin:/home/arnaud/.rvm/rubies/ruby-2.6.3/bin:/home/arnaud/bin:/home/arnaud/.local/bin:/home/arnaud/.nvm/versions/node/v12.16.1/bin:/home/arnaud/bin:/home/arnaud/.local/bin:/usr/local/sbin:/usr/local/bin:/usr/sbin:/usr/bin:/sbin:/bin:/usr/games:/usr/local/games:/snap/bin:/home/arnaud/.dotnet/tools:/home/arnaud/.dotnet/tools:/home/arnaud/.rvm/bin

Yarn version: 
  1.21.1

Node version: 
  12.16.1

Platform: 
  linux x64

Trace: 
  Error: https://registry.yarnpkg.com/v1.16.0: Not found
      at Request.params.callback [as _callback] (/usr/share/yarn/lib/cli.js:66947:18)
      at Request.self.callback (/usr/share/yarn/lib/cli.js:140665:22)
      at Request.emit (events.js:311:20)
      at Request.<anonymous> (/usr/share/yarn/lib/cli.js:141637:10)
      at Request.emit (events.js:311:20)
      at IncomingMessage.<anonymous> (/usr/share/yarn/lib/cli.js:141559:12)
      at Object.onceWrapper (events.js:417:28)
      at IncomingMessage.emit (events.js:323:22)
      at endReadableNT (_stream_readable.js:1204:12)
      at processTicksAndRejections (internal/process/task_queues.js:84:21)

npm manifest: 
  {
    "name": "e_olana",
    "private": true,
    "dependencies": {
      "@rails/ujs": "^6.0.0",
      "turbolinks": "^5.2.0",
      "@rails/activestorage": "^6.0.0",
      "@rails/actioncable": "^6.0.0"
    },
    "version": "0.1.0"
  }

yarn manifest: 
  No manifest

Lockfile: 
  # THIS IS AN AUTOGENERATED FILE. DO NOT EDIT THIS FILE DIRECTLY.
  # yarn lockfile v1
  
  
  "@rails/actioncable@^6.0.0":
    version "6.0.2"
    resolved "https://registry.yarnpkg.com/@rails/actioncable/-/actioncable-6.0.2.tgz#bcba9bcd6ee09a47c6628336e07399a68ca87814"
    integrity sha512-vN78gohsXPlC5jxBHlmiwkUI9bv6SulcZaE72kAIg/G4ou+wTdiMWPJK1bf2IxUNf+sfOjhl+tbRmY4AzJcgrw==
  
  "@rails/activestorage@^6.0.0":
    version "6.0.2"
    resolved "https://registry.yarnpkg.com/@rails/activestorage/-/activestorage-6.0.2.tgz#3882da2716d1f21091840fc52b71091d406a9c43"
    integrity sha512-X0uGBLNsSKvVw5n93rH7k+7rbxc3Cq7p0ShiQbrk1cN0xflGjElzEJRY3okZZHsKkCV+h6rFCk0BOBVrLSrJ0A==
    dependencies:
      spark-md5 "^3.0.0"
  
  "@rails/ujs@^6.0.0":
    version "6.0.2"
    resolved "https://registry.yarnpkg.com/@rails/ujs/-/ujs-6.0.2.tgz#8d32452d51c5e115374a218fb5475803dc17f4c0"
    integrity sha512-KSQjJG8yzSWC1IT+UtFQglefABU37hpJ7uAz39K1/iWtoaJaI9ydGIaxxpJBT/PmYv4kS6lCSjXq13DELeJocw==
  
  spark-md5@^3.0.0:
    version "3.0.1"
    resolved "https://registry.yarnpkg.com/spark-md5/-/spark-md5-3.0.1.tgz#83a0e255734f2ab4e5c466e5a2cfc9ba2aa2124d"
    integrity sha512-0tF3AGSD1ppQeuffsLDIOWlKUd3lS92tFxcsrh5Pe3ZphhnoK+oXIBTzOAThZCiuINZLvpiLH/1VS1/ANEJVig==
  
  turbolinks@^5.2.0:
    version "5.2.0"
    resolved "https://registry.yarnpkg.com/turbolinks/-/turbolinks-5.2.0.tgz#e6877a55ea5c1cb3bb225f0a4ae303d6d32ff77c"
    integrity sha512-pMiez3tyBo6uRHFNNZoYMmrES/IaGgMhQQM+VFF36keryjb5ms0XkVpmKHkfW/4Vy96qiGW3K9bz0tF5sK9bBw==
